<?xml version="1.0" encoding="UTF-8"?>
<!-- Generated by org.testng.reporters.JUnitReportReporter -->
<testsuite skipped="0" hostname="DESKTOP-FUR6L4J" name="tests.test_1" tests="1" failures="0" timestamp="12 Feb 2021 15:40:50 GMT" time="4.019" errors="0">
  <testcase name="test_post" time="4.019" classname="tests.test_1"/>
</testsuite> <!-- tests.test_1 -->
